# JRE version: Java(TM) SE Runtime Environment (8.0_152-b16) (build 1.8.0_152-b16)
# Java VM: Java HotSpot(TM) 64-Bit Server VM (25.152-b16 mixed mode bsd-amd64 compressed oops)
Heap:
 PSYoungGen      total 596480K, used 19392K [0x0000000795580000, 0x00000007c0000000, 0x00000007c0000000)
  eden space 536064K, 0% used [0x0000000795580000,0x0000000795580000,0x00000007b6100000)
  from space 60416K, 32% used [0x00000007bc500000,0x00000007bd7f0010,0x00000007c0000000)
  to   space 81408K, 0% used [0x00000007b6100000,0x00000007b6100000,0x00000007bb080000)
 ParOldGen       total 248832K, used 248042K [0x0000000740000000, 0x000000074f300000, 0x0000000795580000)
  object space 248832K, 99% used [0x0000000740000000,0x000000074f23a840,0x000000074f300000)
 Metaspace       used 19710K, capacity 19936K, committed 20096K, reserved 1067008K
  class space    used 1727K, capacity 1821K, committed 1920K, reserved 1048576K
GC Heap History (10 events):
Event: 25.704 GC heap after
Heap after GC invocations=18 (full 2):
 PSYoungGen      total 642048K, used 7672K [0x0000000795580000, 0x00000007c0000000, 0x00000007c0000000)
  eden space 605696K, 0% used [0x0000000795580000,0x0000000795580000,0x00000007ba500000)
  from space 36352K, 21% used [0x00000007bdc80000,0x00000007be3fe258,0x00000007c0000000)
  to   space 46592K, 0% used [0x00000007ba500000,0x00000007ba500000,0x00000007bd280000)
 ParOldGen       total 238592K, used 133513K [0x0000000740000000, 0x000000074e900000, 0x0000000795580000)
  object space 238592K, 55% used [0x0000000740000000,0x0000000748262608,0x000000074e900000)
 Metaspace       used 18474K, capacity 18624K, committed 18688K, reserved 1067008K
  class space    used 1710K, capacity 1789K, committed 1792K, reserved 1048576K
}
Event: 29.447 GC heap before
{Heap before GC invocations=19 (full 2):
 PSYoungGen      total 642048K, used 613368K [0x0000000795580000, 0x00000007c0000000, 0x00000007c0000000)
  eden space 605696K, 100% used [0x0000000795580000,0x00000007ba500000,0x00000007ba500000)
  from space 36352K, 21% used [0x00000007bdc80000,0x00000007be3fe258,0x00000007c0000000)
  to   space 46592K, 0% used [0x00000007ba500000,0x00000007ba500000,0x00000007bd280000)
 ParOldGen       total 238592K, used 133513K [0x0000000740000000, 0x000000074e900000, 0x0000000795580000)
  object space 238592K, 55% used [0x0000000740000000,0x0000000748262608,0x000000074e900000)
 Metaspace       used 19387K, capacity 19584K, committed 19712K, reserved 1067008K
  class space    used 1725K, capacity 1789K, committed 1792K, reserved 1048576K
Event: 29.529 GC heap after
Heap after GC invocations=19 (full 2):
 PSYoungGen      total 640000K, used 34022K [0x0000000795580000, 0x00000007c0000000, 0x00000007c0000000)
  eden space 605696K, 0% used [0x0000000795580000,0x0000000795580000,0x00000007ba500000)
  from space 34304K, 99% used [0x00000007ba500000,0x00000007bc639a08,0x00000007bc680000)
  to   space 49152K, 0% used [0x00000007bd000000,0x00000007bd000000,0x00000007c0000000)
 ParOldGen       total 238592K, used 138681K [0x0000000740000000, 0x000000074e900000, 0x0000000795580000)
  object space 238592K, 58% used [0x0000000740000000,0x000000074876e608,0x000000074e900000)
 Metaspace       used 19387K, capacity 19584K, committed 19712K, reserved 1067008K
  class space    used 1725K, capacity 1789K, committed 1792K, reserved 1048576K
}
Event: 33.292 GC heap before
{Heap before GC invocations=20 (full 2):
 PSYoungGen      total 640000K, used 639718K [0x0000000795580000, 0x00000007c0000000, 0x00000007c0000000)
  eden space 605696K, 100% used [0x0000000795580000,0x00000007ba500000,0x00000007ba500000)
  from space 34304K, 99% used [0x00000007ba500000,0x00000007bc639a08,0x00000007bc680000)
  to   space 49152K, 0% used [0x00000007bd000000,0x00000007bd000000,0x00000007c0000000)
 ParOldGen       total 238592K, used 138681K [0x0000000740000000, 0x000000074e900000, 0x0000000795580000)
  object space 238592K, 58% used [0x0000000740000000,0x000000074876e608,0x000000074e900000)
 Metaspace       used 19627K, capacity 19808K, committed 20096K, reserved 1067008K
  class space    used 1726K, capacity 1821K, committed 1920K, reserved 1048576K
Event: 33.359 GC heap after
Heap after GC invocations=20 (full 2):
 PSYoungGen      total 627200K, used 49136K [0x0000000795580000, 0x00000007c0000000, 0x00000007c0000000)
  eden space 578048K, 0% used [0x0000000795580000,0x0000000795580000,0x00000007b8a00000)
  from space 49152K, 99% used [0x00000007bd000000,0x00000007bfffc080,0x00000007c0000000)
  to   space 60416K, 0% used [0x00000007b8a00000,0x00000007b8a00000,0x00000007bc500000)
 ParOldGen       total 238592K, used 149037K [0x0000000740000000, 0x000000074e900000, 0x0000000795580000)
  object space 238592K, 62% used [0x0000000740000000,0x000000074918b540,0x000000074e900000)
 Metaspace       used 19627K, capacity 19808K, committed 20096K, reserved 1067008K
  class space    used 1726K, capacity 1821K, committed 1920K, reserved 1048576K
}
Event: 35.560 GC heap before
{Heap before GC invocations=21 (full 2):
 PSYoungGen      total 627200K, used 627184K [0x0000000795580000, 0x00000007c0000000, 0x00000007c0000000)
  eden space 578048K, 100% used [0x0000000795580000,0x00000007b8a00000,0x00000007b8a00000)
  from space 49152K, 99% used [0x00000007bd000000,0x00000007bfffc080,0x00000007c0000000)
  to   space 60416K, 0% used [0x00000007b8a00000,0x00000007b8a00000,0x00000007bc500000)
 ParOldGen       total 238592K, used 149037K [0x0000000740000000, 0x000000074e900000, 0x0000000795580000)
  object space 238592K, 62% used [0x0000000740000000,0x000000074918b540,0x000000074e900000)
 Metaspace       used 19662K, capacity 19872K, committed 20096K, reserved 1067008K
  class space    used 1727K, capacity 1821K, committed 1920K, reserved 1048576K
Event: 35.678 GC heap after
Heap after GC invocations=21 (full 2):
 PSYoungGen      total 638464K, used 60385K [0x0000000795580000, 0x00000007c0000000, 0x00000007c0000000)
  eden space 578048K, 0% used [0x0000000795580000,0x0000000795580000,0x00000007b8a00000)
  from space 60416K, 99% used [0x00000007b8a00000,0x00000007bc4f8440,0x00000007bc500000)
  to   space 60416K, 0% used [0x00000007bc500000,0x00000007bc500000,0x00000007c0000000)
 ParOldGen       total 238592K, used 187249K [0x0000000740000000, 0x000000074e900000, 0x0000000795580000)
  object space 238592K, 78% used [0x0000000740000000,0x000000074b6dc738,0x000000074e900000)
 Metaspace       used 19662K, capacity 19872K, committed 20096K, reserved 1067008K
  class space    used 1727K, capacity 1821K, committed 1920K, reserved 1048576K
}
Event: 37.984 GC heap before
{Heap before GC invocations=22 (full 2):
 PSYoungGen      total 638464K, used 638433K [0x0000000795580000, 0x00000007c0000000, 0x00000007c0000000)
  eden space 578048K, 100% used [0x0000000795580000,0x00000007b8a00000,0x00000007b8a00000)
  from space 60416K, 99% used [0x00000007b8a00000,0x00000007bc4f8440,0x00000007bc500000)
  to   space 60416K, 0% used [0x00000007bc500000,0x00000007bc500000,0x00000007c0000000)
 ParOldGen       total 238592K, used 187249K [0x0000000740000000, 0x000000074e900000, 0x0000000795580000)
  object space 238592K, 78% used [0x0000000740000000,0x000000074b6dc738,0x000000074e900000)
 Metaspace       used 19710K, capacity 19936K, committed 20096K, reserved 1067008K
  class space    used 1727K, capacity 1821K, committed 1920K, reserved 1048576K
Event: 38.143 GC heap after
Heap after GC invocations=22 (full 2):
 PSYoungGen      total 596480K, used 19392K [0x0000000795580000, 0x00000007c0000000, 0x00000007c0000000)
  eden space 536064K, 0% used [0x0000000795580000,0x0000000795580000,0x00000007b6100000)
  from space 60416K, 32% used [0x00000007bc500000,0x00000007bd7f0010,0x00000007c0000000)
  to   space 81408K, 0% used [0x00000007b6100000,0x00000007b6100000,0x00000007bb080000)
 ParOldGen       total 248832K, used 248042K [0x0000000740000000, 0x000000074f300000, 0x0000000795580000)
  object space 248832K, 99% used [0x0000000740000000,0x000000074f23a840,0x000000074f300000)
 Metaspace       used 19710K, capacity 19936K, committed 20096K, reserved 1067008K
  class space    used 1727K, capacity 1821K, committed 1920K, reserved 1048576K
}
Event: 38.143 GC heap before
{Heap before GC invocations=23 (full 3):
 PSYoungGen      total 596480K, used 19392K [0x0000000795580000, 0x00000007c0000000, 0x00000007c0000000)
  eden space 536064K, 0% used [0x0000000795580000,0x0000000795580000,0x00000007b6100000)
  from space 60416K, 32% used [0x00000007bc500000,0x00000007bd7f0010,0x00000007c0000000)
  to   space 81408K, 0% used [0x00000007b6100000,0x00000007b6100000,0x00000007bb080000)
 ParOldGen       total 248832K, used 248042K [0x0000000740000000, 0x000000074f300000, 0x0000000795580000)
  object space 248832K, 99% used [0x0000000740000000,0x000000074f23a840,0x000000074f300000)
 Metaspace       used 19710K, capacity 19936K, committed 20096K, reserved 1067008K
  class space    used 1727K, capacity 1821K, committed 1920K, reserved 1048576K

